<?xml version="1.0" encoding="UTF-8"?>
<testng-results skipped="0" failed="0" total="1" passed="1">
  <reporter-output>
  </reporter-output>
  <suite name="Default suite" duration-ms="49406" started-at="2015-09-20T17:18:02Z" finished-at="2015-09-20T17:18:51Z">
    <groups>
    </groups>
    <test name="Default test" duration-ms="49406" started-at="2015-09-20T17:18:02Z" finished-at="2015-09-20T17:18:51Z">
      <class name="AppDirectSignUp.AppDirect_RegularSignUp">
        <test-method status="PASS" signature="beforeMethod()[pri:0, instance:AppDirectSignUp.AppDirect_RegularSignUp@5e025e70]" name="beforeMethod" is-config="true" duration-ms="3486" started-at="2015-09-20T13:18:02Z" finished-at="2015-09-20T13:18:05Z">
          <reporter-output>
          </reporter-output>
        </test-method> <!-- beforeMethod -->
        <test-method status="PASS" signature="main()[pri:0, instance:AppDirectSignUp.AppDirect_RegularSignUp@5e025e70]" name="main" duration-ms="45894" started-at="2015-09-20T13:18:05Z" finished-at="2015-09-20T13:18:51Z">
          <reporter-output>
          </reporter-output>
        </test-method> <!-- main -->
        <test-method status="PASS" signature="afterMethod()[pri:0, instance:AppDirectSignUp.AppDirect_RegularSignUp@5e025e70]" name="afterMethod" is-config="true" duration-ms="12" started-at="2015-09-20T13:18:51Z" finished-at="2015-09-20T13:18:51Z">
          <reporter-output>
          </reporter-output>
        </test-method> <!-- afterMethod -->
      </class> <!-- AppDirectSignUp.AppDirect_RegularSignUp -->
    </test> <!-- Default test -->
  </suite> <!-- Default suite -->
</testng-results>
